<?xml version="1.0" encoding="UTF-8"?>
<testsuite name="com.flashsale.purchase.adapter.http.CachingFlashSaleClientTest" tests="6" skipped="0" failures="0" errors="0" timestamp="2026-09-14T06:38:43" hostname="AERO15XD-KEVIN" time="0.175">
  <properties/>
  <testcase name="rejectsImmediatelyWhenThereIsNothingCachedToFallBackOn()" classname="com.flashsale.purchase.adapter.http.CachingFlashSaleClientTest" time="0.143"/>
  <testcase name="doesNotServeStaleWhenTheSaleIsAuthoritativelyGone()" classname="com.flashsale.purchase.adapter.http.CachingFlashSaleClientTest" time="0.003"/>
  <testcase name="servesFromCacheWithinTheTtlWithoutCallingTheDelegateAgain()" classname="com.flashsale.purchase.adapter.http.CachingFlashSaleClientTest" time="0.004"/>
  <testcase name="refetchesOnceTheTtlHasPassed()" classname="com.flashsale.purchase.adapter.http.CachingFlashSaleClientTest" time="0.001"/>
  <testcase name="rejectsOnceTheGraceWindowHasPassed()" classname="com.flashsale.purchase.adapter.http.CachingFlashSaleClientTest" time="0.0"/>
  <testcase name="servesStaleInsideTheGraceWindowWhenTheDelegateIsDown()" classname="com.flashsale.purchase.adapter.http.CachingFlashSaleClientTest" time="0.019"/>
  <system-out><![CDATA[14:38:44.064 [Test worker] WARN com.flashsale.purchase.adapter.http.CachingFlashSaleClient -- 活動 10 查詢失敗，改用 30 秒前的快取放行：com.flashsale.purchase.exception.ServiceUnavailableException: down
]]></system-out>
  <system-err><![CDATA[]]></system-err>
</testsuite>
